This is pdfTeX, Version 3.141592653-2.6-1.40.27 (TeX Live 2025) (preloaded format=pdflatex 2025.3.8)  18 APR 2026 20:36
entering extended mode
 restricted \write18 enabled.
 file:line:error style messages enabled.
 %&-line parsing enabled.
**"/Users/mhuang19/Documents/edu/jhu/Monte Carlo Methods (EN.625.633.81)/EN.625.633.81/Module 12/mhuang_hw12"
(/Users/mhuang19/Documents/edu/jhu/Monte Carlo Methods (EN.625.633.81)/EN.625.633.81/Module 12/mhuang_hw12.tex
LaTeX2e <2024-11-01> patch level 2
L3 programming layer <2025-01-18>
(/usr/local/texlive/2025/texmf-dist/tex/latex/base/article.cls
Document Class: article 2024/06/29 v1.4n Standard LaTeX document class
(/usr/local/texlive/2025/texmf-dist/tex/latex/base/size10.clo
File: size10.clo 2024/06/29 v1.4n Standard LaTeX file (size option)
)
\c@part=\count196
\c@section=\count197
\c@subsection=\count198
\c@subsubsection=\count199
\c@paragraph=\count266
\c@subparagraph=\count267
\c@figure=\count268
\c@table=\count269
\abovecaptionskip=\skip49
\belowcaptionskip=\skip50
\bibindent=\dimen141
) (/usr/local/texlive/2025/texmf-dist/tex/latex/geometry/geometry.sty
Package: geometry 2020/01/02 v5.9 Page Geometry
 (/usr/local/texlive/2025/texmf-dist/tex/latex/graphics/keyval.sty
Package: keyval 2022/05/29 v1.15 key=value parser (DPC)
\KV@toks@=\toks17
) (/usr/local/texlive/2025/texmf-dist/tex/generic/iftex/ifvtex.sty
Package: ifvtex 2019/10/25 v1.7 ifvtex legacy package. Use iftex instead.
 (/usr/local/texlive/2025/texmf-dist/tex/generic/iftex/iftex.sty
Package: iftex 2024/12/12 v1.0g TeX engine tests
))
\Gm@cnth=\count270
\Gm@cntv=\count271
\c@Gm@tempcnt=\count272
\Gm@bindingoffset=\dimen142
\Gm@wd@mp=\dimen143
\Gm@odd@mp=\dimen144
\Gm@even@mp=\dimen145
\Gm@layoutwidth=\dimen146
\Gm@layoutheight=\dimen147
\Gm@layouthoffset=\dimen148
\Gm@layoutvoffset=\dimen149
\Gm@dimlist=\toks18
) (/usr/local/texlive/2025/texmf-dist/tex/latex/amsmath/amsmath.sty
Package: amsmath 2024/11/05 v2.17t AMS math features
\@mathmargin=\skip51

For additional information on amsmath, use the `?' option.
(/usr/local/texlive/2025/texmf-dist/tex/latex/amsmath/amstext.sty
Package: amstext 2021/08/26 v2.01 AMS text
 (/usr/local/texlive/2025/texmf-dist/tex/latex/amsmath/amsgen.sty
File: amsgen.sty 1999/11/30 v2.0 generic functions
\@emptytoks=\toks19
\ex@=\dimen150
)) (/usr/local/texlive/2025/texmf-dist/tex/latex/amsmath/amsbsy.sty
Package: amsbsy 1999/11/29 v1.2d Bold Symbols
\pmbraise@=\dimen151
) (/usr/local/texlive/2025/texmf-dist/tex/latex/amsmath/amsopn.sty
Package: amsopn 2022/04/08 v2.04 operator names
)
\inf@bad=\count273
LaTeX Info: Redefining \frac on input line 233.
\uproot@=\count274
\leftroot@=\count275
LaTeX Info: Redefining \overline on input line 398.
LaTeX Info: Redefining \colon on input line 409.
\classnum@=\count276
\DOTSCASE@=\count277
LaTeX Info: Redefining \ldots on input line 495.
LaTeX Info: Redefining \dots on input line 498.
LaTeX Info: Redefining \cdots on input line 619.
\Mathstrutbox@=\box52
\strutbox@=\box53
LaTeX Info: Redefining \big on input line 721.
LaTeX Info: Redefining \Big on input line 722.
LaTeX Info: Redefining \bigg on input line 723.
LaTeX Info: Redefining \Bigg on input line 724.
\big@size=\dimen152
LaTeX Font Info:    Redeclaring font encoding OML on input line 742.
LaTeX Font Info:    Redeclaring font encoding OMS on input line 743.
\macc@depth=\count278
LaTeX Info: Redefining \bmod on input line 904.
LaTeX Info: Redefining \pmod on input line 909.
LaTeX Info: Redefining \smash on input line 939.
LaTeX Info: Redefining \relbar on input line 969.
LaTeX Info: Redefining \Relbar on input line 970.
\c@MaxMatrixCols=\count279
\dotsspace@=\muskip17
\c@parentequation=\count280
\dspbrk@lvl=\count281
\tag@help=\toks20
\row@=\count282
\column@=\count283
\maxfields@=\count284
\andhelp@=\toks21
\eqnshift@=\dimen153
\alignsep@=\dimen154
\tagshift@=\dimen155
\tagwidth@=\dimen156
\totwidth@=\dimen157
\lineht@=\dimen158
\@envbody=\toks22
\multlinegap=\skip52
\multlinetaggap=\skip53
\mathdisplay@stack=\toks23
LaTeX Info: Redefining \[ on input line 2953.
LaTeX Info: Redefining \] on input line 2954.
) (/usr/local/texlive/2025/texmf-dist/tex/latex/amscls/amsthm.sty
Package: amsthm 2020/05/29 v2.20.6
\thm@style=\toks24
\thm@bodyfont=\toks25
\thm@headfont=\toks26
\thm@notefont=\toks27
\thm@headpunct=\toks28
\thm@preskip=\skip54
\thm@postskip=\skip55
\thm@headsep=\skip56
\dth@everypar=\toks29
) (/usr/local/texlive/2025/texmf-dist/tex/latex/amsfonts/amssymb.sty
Package: amssymb 2013/01/14 v3.01 AMS font symbols
 (/usr/local/texlive/2025/texmf-dist/tex/latex/amsfonts/amsfonts.sty
Package: amsfonts 2013/01/14 v3.01 Basic AMSFonts support
\symAMSa=\mathgroup4
\symAMSb=\mathgroup5
LaTeX Font Info:    Redeclaring math symbol \hbar on input line 98.
LaTeX Font Info:    Overwriting math alphabet `\mathfrak' in version `bold'
(Font)                  U/euf/m/n --> U/euf/b/n on input line 106.
)) (/usr/local/texlive/2025/texmf-dist/tex/latex/pgf/frontendlayer/tikz.sty (/usr/local/texlive/2025/texmf-dist/tex/latex/pgf/basiclayer/pgf.sty (/usr/local/texlive/2025/texmf-dist/tex/latex/pgf/utilities/pgfrcs.sty (/usr/local/texlive/2025/texmf-dist/tex/generic/pgf/utilities/pgfutil-common.tex
\pgfutil@everybye=\toks30
\pgfutil@tempdima=\dimen159
\pgfutil@tempdimb=\dimen160
) (/usr/local/texlive/2025/texmf-dist/tex/generic/pgf/utilities/pgfutil-latex.def
\pgfutil@abb=\box54
) (/usr/local/texlive/2025/texmf-dist/tex/generic/pgf/utilities/pgfrcs.code.tex (/usr/local/texlive/2025/texmf-dist/tex/generic/pgf/pgf.revision.tex)
Package: pgfrcs 2023-01-15 v3.1.10 (3.1.10)
))
Package: pgf 2023-01-15 v3.1.10 (3.1.10)
 (/usr/local/texlive/2025/texmf-dist/tex/latex/pgf/basiclayer/pgfcore.sty (/usr/local/texlive/2025/texmf-dist/tex/latex/graphics/graphicx.sty
Package: graphicx 2021/09/16 v1.2d Enhanced LaTeX Graphics (DPC,SPQR)
 (/usr/local/texlive/2025/texmf-dist/tex/latex/graphics/graphics.sty
Package: graphics 2024/08/06 v1.4g Standard LaTeX Graphics (DPC,SPQR)
 (/usr/local/texlive/2025/texmf-dist/tex/latex/graphics/trig.sty
Package: trig 2023/12/02 v1.11 sin cos tan (DPC)
) (/usr/local/texlive/2025/texmf-dist/tex/latex/graphics-cfg/graphics.cfg
File: graphics.cfg 2016/06/04 v1.11 sample graphics configuration
)
Package graphics Info: Driver file: pdftex.def on input line 106.
 (/usr/local/texlive/2025/texmf-dist/tex/latex/graphics-def/pdftex.def
File: pdftex.def 2024/04/13 v1.2c Graphics/color driver for pdftex
))
\Gin@req@height=\dimen161
\Gin@req@width=\dimen162
) (/usr/local/texlive/2025/texmf-dist/tex/latex/pgf/systemlayer/pgfsys.sty (/usr/local/texlive/2025/texmf-dist/tex/generic/pgf/systemlayer/pgfsys.code.tex
Package: pgfsys 2023-01-15 v3.1.10 (3.1.10)
 (/usr/local/texlive/2025/texmf-dist/tex/generic/pgf/utilities/pgfkeys.code.tex
\pgfkeys@pathtoks=\toks31
\pgfkeys@temptoks=\toks32
 (/usr/local/texlive/2025/texmf-dist/tex/generic/pgf/utilities/pgfkeyslibraryfiltered.code.tex
\pgfkeys@tmptoks=\toks33
))
\pgf@x=\dimen163
\pgf@y=\dimen164
\pgf@xa=\dimen165
\pgf@ya=\dimen166
\pgf@xb=\dimen167
\pgf@yb=\dimen168
\pgf@xc=\dimen169
\pgf@yc=\dimen170
\pgf@xd=\dimen171
\pgf@yd=\dimen172
\w@pgf@writea=\write3
\r@pgf@reada=\read2
\c@pgf@counta=\count285
\c@pgf@countb=\count286
\c@pgf@countc=\count287
\c@pgf@countd=\count288
\t@pgf@toka=\toks34
\t@pgf@tokb=\toks35
\t@pgf@tokc=\toks36
\pgf@sys@id@count=\count289
 (/usr/local/texlive/2025/texmf-dist/tex/generic/pgf/systemlayer/pgf.cfg
File: pgf.cfg 2023-01-15 v3.1.10 (3.1.10)
)
Driver file for pgf: pgfsys-pdftex.def
 (/usr/local/texlive/2025/texmf-dist/tex/generic/pgf/systemlayer/pgfsys-pdftex.def
File: pgfsys-pdftex.def 2023-01-15 v3.1.10 (3.1.10)
 (/usr/local/texlive/2025/texmf-dist/tex/generic/pgf/systemlayer/pgfsys-common-pdf.def
File: pgfsys-common-pdf.def 2023-01-15 v3.1.10 (3.1.10)
))) (/usr/local/texlive/2025/texmf-dist/tex/generic/pgf/systemlayer/pgfsyssoftpath.code.tex
File: pgfsyssoftpath.code.tex 2023-01-15 v3.1.10 (3.1.10)
\pgfsyssoftpath@smallbuffer@items=\count290
\pgfsyssoftpath@bigbuffer@items=\count291
) (/usr/local/texlive/2025/texmf-dist/tex/generic/pgf/systemlayer/pgfsysprotocol.code.tex
File: pgfsysprotocol.code.tex 2023-01-15 v3.1.10 (3.1.10)
)) (/usr/local/texlive/2025/texmf-dist/tex/latex/xcolor/xcolor.sty
Package: xcolor 2024/09/29 v3.02 LaTeX color extensions (UK)
 (/usr/local/texlive/2025/texmf-dist/tex/latex/graphics-cfg/color.cfg
File: color.cfg 2016/01/02 v1.6 sample color configuration
)
Package xcolor Info: Driver file: pdftex.def on input line 274.
 (/usr/local/texlive/2025/texmf-dist/tex/latex/graphics/mathcolor.ltx)
Package xcolor Info: Model `cmy' substituted by `cmy0' on input line 1349.
Package xcolor Info: Model `hsb' substituted by `rgb' on input line 1353.
Package xcolor Info: Model `RGB' extended on input line 1365.
Package xcolor Info: Model `HTML' substituted by `rgb' on input line 1367.
Package xcolor Info: Model `Hsb' substituted by `hsb' on input line 1368.
Package xcolor Info: Model `tHsb' substituted by `hsb' on input line 1369.
Package xcolor Info: Model `HSB' substituted by `hsb' on input line 1370.
Package xcolor Info: Model `Gray' substituted by `gray' on input line 1371.
Package xcolor Info: Model `wave' substituted by `hsb' on input line 1372.
) (/usr/local/texlive/2025/texmf-dist/tex/generic/pgf/basiclayer/pgfcore.code.tex
Package: pgfcore 2023-01-15 v3.1.10 (3.1.10)
 (/usr/local/texlive/2025/texmf-dist/tex/generic/pgf/math/pgfmath.code.tex (/usr/local/texlive/2025/texmf-dist/tex/generic/pgf/math/pgfmathutil.code.tex) (/usr/local/texlive/2025/texmf-dist/tex/generic/pgf/math/pgfmathparser.code.tex
\pgfmath@dimen=\dimen173
\pgfmath@count=\count292
\pgfmath@box=\box55
\pgfmath@toks=\toks37
\pgfmath@stack@operand=\toks38
\pgfmath@stack@operation=\toks39
) (/usr/local/texlive/2025/texmf-dist/tex/generic/pgf/math/pgfmathfunctions.code.tex) (/usr/local/texlive/2025/texmf-dist/tex/generic/pgf/math/pgfmathfunctions.basic.code.tex) (/usr/local/texlive/2025/texmf-dist/tex/generic/pgf/math/pgfmathfunctions.trigonometric.code.tex) (/usr/local/texlive/2025/texmf-dist/tex/generic/pgf/math/pgfmathfunctions.random.code.tex) (/usr/local/texlive/2025/texmf-dist/tex/generic/pgf/math/pgfmathfunctions.comparison.code.tex) (/usr/local/texlive/2025/texmf-dist/tex/generic/pgf/math/pgfmathfunctions.base.code.tex) (/usr/local/texlive/2025/texmf-dist/tex/generic/pgf/math/pgfmathfunctions.round.code.tex) (/usr/local/texlive/2025/texmf-dist/tex/generic/pgf/math/pgfmathfunctions.misc.code.tex) (/usr/local/texlive/2025/texmf-dist/tex/generic/pgf/math/pgfmathfunctions.integerarithmetics.code.tex) (/usr/local/texlive/2025/texmf-dist/tex/generic/pgf/math/pgfmathcalc.code.tex) (/usr/local/texlive/2025/texmf-dist/tex/generic/pgf/math/pgfmathfloat.code.tex
\c@pgfmathroundto@lastzeros=\count293
)) (/usr/local/texlive/2025/texmf-dist/tex/generic/pgf/math/pgfint.code.tex) (/usr/local/texlive/2025/texmf-dist/tex/generic/pgf/basiclayer/pgfcorepoints.code.tex
File: pgfcorepoints.code.tex 2023-01-15 v3.1.10 (3.1.10)
\pgf@picminx=\dimen174
\pgf@picmaxx=\dimen175
\pgf@picminy=\dimen176
\pgf@picmaxy=\dimen177
\pgf@pathminx=\dimen178
\pgf@pathmaxx=\dimen179
\pgf@pathminy=\dimen180
\pgf@pathmaxy=\dimen181
\pgf@xx=\dimen182
\pgf@xy=\dimen183
\pgf@yx=\dimen184
\pgf@yy=\dimen185
\pgf@zx=\dimen186
\pgf@zy=\dimen187
) (/usr/local/texlive/2025/texmf-dist/tex/generic/pgf/basiclayer/pgfcorepathconstruct.code.tex
File: pgfcorepathconstruct.code.tex 2023-01-15 v3.1.10 (3.1.10)
\pgf@path@lastx=\dimen188
\pgf@path@lasty=\dimen189
) (/usr/local/texlive/2025/texmf-dist/tex/generic/pgf/basiclayer/pgfcorepathusage.code.tex
File: pgfcorepathusage.code.tex 2023-01-15 v3.1.10 (3.1.10)
\pgf@shorten@end@additional=\dimen190
\pgf@shorten@start@additional=\dimen191
) (/usr/local/texlive/2025/texmf-dist/tex/generic/pgf/basiclayer/pgfcorescopes.code.tex
File: pgfcorescopes.code.tex 2023-01-15 v3.1.10 (3.1.10)
\pgfpic=\box56
\pgf@hbox=\box57
\pgf@layerbox@main=\box58
\pgf@picture@serial@count=\count294
) (/usr/local/texlive/2025/texmf-dist/tex/generic/pgf/basiclayer/pgfcoregraphicstate.code.tex
File: pgfcoregraphicstate.code.tex 2023-01-15 v3.1.10 (3.1.10)
\pgflinewidth=\dimen192
) (/usr/local/texlive/2025/texmf-dist/tex/generic/pgf/basiclayer/pgfcoretransformations.code.tex
File: pgfcoretransformations.code.tex 2023-01-15 v3.1.10 (3.1.10)
\pgf@pt@x=\dimen193
\pgf@pt@y=\dimen194
\pgf@pt@temp=\dimen195
) (/usr/local/texlive/2025/texmf-dist/tex/generic/pgf/basiclayer/pgfcorequick.code.tex
File: pgfcorequick.code.tex 2023-01-15 v3.1.10 (3.1.10)
) (/usr/local/texlive/2025/texmf-dist/tex/generic/pgf/basiclayer/pgfcoreobjects.code.tex
File: pgfcoreobjects.code.tex 2023-01-15 v3.1.10 (3.1.10)
) (/usr/local/texlive/2025/texmf-dist/tex/generic/pgf/basiclayer/pgfcorepathprocessing.code.tex
File: pgfcorepathprocessing.code.tex 2023-01-15 v3.1.10 (3.1.10)
) (/usr/local/texlive/2025/texmf-dist/tex/generic/pgf/basiclayer/pgfcorearrows.code.tex
File: pgfcorearrows.code.tex 2023-01-15 v3.1.10 (3.1.10)
\pgfarrowsep=\dimen196
) (/usr/local/texlive/2025/texmf-dist/tex/generic/pgf/basiclayer/pgfcoreshade.code.tex
File: pgfcoreshade.code.tex 2023-01-15 v3.1.10 (3.1.10)
\pgf@max=\dimen197
\pgf@sys@shading@range@num=\count295
\pgf@shadingcount=\count296
) (/usr/local/texlive/2025/texmf-dist/tex/generic/pgf/basiclayer/pgfcoreimage.code.tex
File: pgfcoreimage.code.tex 2023-01-15 v3.1.10 (3.1.10)
) (/usr/local/texlive/2025/texmf-dist/tex/generic/pgf/basiclayer/pgfcoreexternal.code.tex
File: pgfcoreexternal.code.tex 2023-01-15 v3.1.10 (3.1.10)
\pgfexternal@startupbox=\box59
) (/usr/local/texlive/2025/texmf-dist/tex/generic/pgf/basiclayer/pgfcorelayers.code.tex
File: pgfcorelayers.code.tex 2023-01-15 v3.1.10 (3.1.10)
) (/usr/local/texlive/2025/texmf-dist/tex/generic/pgf/basiclayer/pgfcoretransparency.code.tex
File: pgfcoretransparency.code.tex 2023-01-15 v3.1.10 (3.1.10)
) (/usr/local/texlive/2025/texmf-dist/tex/generic/pgf/basiclayer/pgfcorepatterns.code.tex
File: pgfcorepatterns.code.tex 2023-01-15 v3.1.10 (3.1.10)
) (/usr/local/texlive/2025/texmf-dist/tex/generic/pgf/basiclayer/pgfcorerdf.code.tex
File: pgfcorerdf.code.tex 2023-01-15 v3.1.10 (3.1.10)
))) (/usr/local/texlive/2025/texmf-dist/tex/generic/pgf/modules/pgfmoduleshapes.code.tex
File: pgfmoduleshapes.code.tex 2023-01-15 v3.1.10 (3.1.10)
\pgfnodeparttextbox=\box60
) (/usr/local/texlive/2025/texmf-dist/tex/generic/pgf/modules/pgfmoduleplot.code.tex
File: pgfmoduleplot.code.tex 2023-01-15 v3.1.10 (3.1.10)
) (/usr/local/texlive/2025/texmf-dist/tex/latex/pgf/compatibility/pgfcomp-version-0-65.sty
Package: pgfcomp-version-0-65 2023-01-15 v3.1.10 (3.1.10)
\pgf@nodesepstart=\dimen198
\pgf@nodesepend=\dimen199
) (/usr/local/texlive/2025/texmf-dist/tex/latex/pgf/compatibility/pgfcomp-version-1-18.sty
Package: pgfcomp-version-1-18 2023-01-15 v3.1.10 (3.1.10)
)) (/usr/local/texlive/2025/texmf-dist/tex/latex/pgf/utilities/pgffor.sty (/usr/local/texlive/2025/texmf-dist/tex/latex/pgf/utilities/pgfkeys.sty (/usr/local/texlive/2025/texmf-dist/tex/generic/pgf/utilities/pgfkeys.code.tex)) (/usr/local/texlive/2025/texmf-dist/tex/latex/pgf/math/pgfmath.sty (/usr/local/texlive/2025/texmf-dist/tex/generic/pgf/math/pgfmath.code.tex)) (/usr/local/texlive/2025/texmf-dist/tex/generic/pgf/utilities/pgffor.code.tex
Package: pgffor 2023-01-15 v3.1.10 (3.1.10)
\pgffor@iter=\dimen256
\pgffor@skip=\dimen257
\pgffor@stack=\toks40
\pgffor@toks=\toks41
)) (/usr/local/texlive/2025/texmf-dist/tex/generic/pgf/frontendlayer/tikz/tikz.code.tex
Package: tikz 2023-01-15 v3.1.10 (3.1.10)
 (/usr/local/texlive/2025/texmf-dist/tex/generic/pgf/libraries/pgflibraryplothandlers.code.tex
File: pgflibraryplothandlers.code.tex 2023-01-15 v3.1.10 (3.1.10)
\pgf@plot@mark@count=\count297
\pgfplotmarksize=\dimen258
)
\tikz@lastx=\dimen259
\tikz@lasty=\dimen260
\tikz@lastxsaved=\dimen261
\tikz@lastysaved=\dimen262
\tikz@lastmovetox=\dimen263
\tikz@lastmovetoy=\dimen264
\tikzleveldistance=\dimen265
\tikzsiblingdistance=\dimen266
\tikz@figbox=\box61
\tikz@figbox@bg=\box62
\tikz@tempbox=\box63
\tikz@tempbox@bg=\box64
\tikztreelevel=\count298
\tikznumberofchildren=\count299
\tikznumberofcurrentchild=\count300
\tikz@fig@count=\count301
 (/usr/local/texlive/2025/texmf-dist/tex/generic/pgf/modules/pgfmodulematrix.code.tex
File: pgfmodulematrix.code.tex 2023-01-15 v3.1.10 (3.1.10)
\pgfmatrixcurrentrow=\count302
\pgfmatrixcurrentcolumn=\count303
\pgf@matrix@numberofcolumns=\count304
)
\tikz@expandcount=\count305
 (/usr/local/texlive/2025/texmf-dist/tex/generic/pgf/frontendlayer/tikz/libraries/tikzlibrarytopaths.code.tex
File: tikzlibrarytopaths.code.tex 2023-01-15 v3.1.10 (3.1.10)
))) (/usr/local/texlive/2025/texmf-dist/tex/latex/fancyhdr/fancyhdr.sty
Package: fancyhdr 2025/02/07 v5.2 Extensive control of page headers and footers
\f@nch@headwidth=\skip57
\f@nch@offset@elh=\skip58
\f@nch@offset@erh=\skip59
\f@nch@offset@olh=\skip60
\f@nch@offset@orh=\skip61
\f@nch@offset@elf=\skip62
\f@nch@offset@erf=\skip63
\f@nch@offset@olf=\skip64
\f@nch@offset@orf=\skip65
\f@nch@height=\skip66
\f@nch@footalignment=\skip67
\f@nch@widthL=\skip68
\f@nch@widthC=\skip69
\f@nch@widthR=\skip70
\@temptokenb=\toks42
) (/usr/local/texlive/2025/texmf-dist/tex/latex/float/float.sty
Package: float 2001/11/08 v1.3d Float enhancements (AL)
\c@float@type=\count306
\float@exts=\toks43
\float@box=\box65
\@float@everytoks=\toks44
\@floatcapt=\box66
) (/usr/local/texlive/2025/texmf-dist/tex/latex/spverbatim/spverbatim.sty
Package: spverbatim 2009/08/10 v1.0 Verbatim with breakable spaces
) (/usr/local/texlive/2025/texmf-dist/tex/generic/systeme/systeme.sty (/usr/local/texlive/2025/texmf-dist/tex/generic/xstring/xstring.sty (/usr/local/texlive/2025/texmf-dist/tex/generic/xstring/xstring.tex
\xs_counta=\count307
\xs_countb=\count308
)
Package: xstring 2023/08/22 v1.86 String manipulations (CT)
) (/usr/local/texlive/2025/texmf-dist/tex/generic/systeme/systeme.tex
\SYS_code_toks=\toks45
\SYS_preamble_toks=\toks46
\SYSeqnum=\count309
)
Package: systeme 2025/02/16 v0.35 Mise en forme de systemes d'equations (CT)
) (/usr/local/texlive/2025/texmf-dist/tex/latex/l3backend/l3backend-pdftex.def
File: l3backend-pdftex.def 2024-05-08 L3 backend support: PDF output (pdfTeX)
\l__color_backend_stack_int=\count310
\l__pdf_internal_box=\box67
) (./mhuang_hw12.aux)
\openout1 = `mhuang_hw12.aux'.

LaTeX Font Info:    Checking defaults for OML/cmm/m/it on input line 20.
LaTeX Font Info:    ... okay on input line 20.
LaTeX Font Info:    Checking defaults for OMS/cmsy/m/n on input line 20.
LaTeX Font Info:    ... okay on input line 20.
LaTeX Font Info:    Checking defaults for OT1/cmr/m/n on input line 20.
LaTeX Font Info:    ... okay on input line 20.
LaTeX Font Info:    Checking defaults for T1/cmr/m/n on input line 20.
LaTeX Font Info:    ... okay on input line 20.
LaTeX Font Info:    Checking defaults for TS1/cmr/m/n on input line 20.
LaTeX Font Info:    ... okay on input line 20.
LaTeX Font Info:    Checking defaults for OMX/cmex/m/n on input line 20.
LaTeX Font Info:    ... okay on input line 20.
LaTeX Font Info:    Checking defaults for U/cmr/m/n on input line 20.
LaTeX Font Info:    ... okay on input line 20.

*geometry* driver: auto-detecting
*geometry* detected driver: pdftex
*geometry* verbose mode - [ preamble ] result:
* driver: pdftex
* paper: <default>
* layout: <same size as paper>
* layoutoffset:(h,v)=(0.0pt,0.0pt)
* modes: 
* h-part:(L,W,R)=(50.0pt, 514.295pt, 50.0pt)
* v-part:(T,H,B)=(50.0pt, 694.96999pt, 50.0pt)
* \paperwidth=614.295pt
* \paperheight=794.96999pt
* \textwidth=514.295pt
* \textheight=694.96999pt
* \oddsidemargin=-22.26999pt
* \evensidemargin=-22.26999pt
* \topmargin=-59.26999pt
* \headheight=12.0pt
* \headsep=25.0pt
* \topskip=10.0pt
* \footskip=30.0pt
* \marginparwidth=65.0pt
* \marginparsep=11.0pt
* \columnsep=10.0pt
* \skip\footins=9.0pt plus 4.0pt minus 2.0pt
* \hoffset=0.0pt
* \voffset=0.0pt
* \mag=1000
* \@twocolumnfalse
* \@twosidefalse
* \@mparswitchfalse
* \@reversemarginfalse
* (1in=72.27pt=25.4mm, 1cm=28.453pt)

(/usr/local/texlive/2025/texmf-dist/tex/context/base/mkii/supp-pdf.mkii
[Loading MPS to PDF converter (version 2006.09.02).]
\scratchcounter=\count311
\scratchdimen=\dimen267
\scratchbox=\box68
\nofMPsegments=\count312
\nofMParguments=\count313
\everyMPshowfont=\toks47
\MPscratchCnt=\count314
\MPscratchDim=\dimen268
\MPnumerator=\count315
\makeMPintoPDFobject=\count316
\everyMPtoPDFconversion=\toks48
) (/usr/local/texlive/2025/texmf-dist/tex/latex/epstopdf-pkg/epstopdf-base.sty
Package: epstopdf-base 2020-01-24 v2.11 Base part for package epstopdf
Package epstopdf-base Info: Redefining graphics rule for `.eps' on input line 485.
 (/usr/local/texlive/2025/texmf-dist/tex/latex/latexconfig/epstopdf-sys.cfg
File: epstopdf-sys.cfg 2010/07/13 v1.3 Configuration of (r)epstopdf for TeX Live
))
LaTeX Font Info:    Trying to load font information for U+msa on input line 28.
 (/usr/local/texlive/2025/texmf-dist/tex/latex/amsfonts/umsa.fd
File: umsa.fd 2013/01/14 v3.01 AMS symbols A
)
LaTeX Font Info:    Trying to load font information for U+msb on input line 28.
 (/usr/local/texlive/2025/texmf-dist/tex/latex/amsfonts/umsb.fd
File: umsb.fd 2013/01/14 v3.01 AMS symbols B
)
Underfull \hbox (badness 10000) in paragraph at lines 41--43

 []




LaTeX Font Warning: Font shape `OT1/cmr/m/n' in size <15> not available
(Font)              size <14.4> substituted on input line 148.


Package fancyhdr Warning: \headheight is too small (12.0pt): 
(fancyhdr)                Make it at least 40.49995pt, for example:
(fancyhdr)                \setlength{\headheight}{40.49995pt}.
(fancyhdr)                You might also make \topmargin smaller:
(fancyhdr)                \addtolength{\topmargin}{-28.49995pt}.

[1{/usr/local/texlive/2025/texmf-var/fonts/map/pdftex/updmap/pdftex.map}

]
Overfull \hbox (48.86412pt too wide) in paragraph at lines 148--148
[]\OT1/cmtt/m/n/14.4 +[] [] [] [] [] [] [] #[] Stratonovich[] integral[] (calculate[] midpoint[] with[] delta[] Z[] adjustment)[] 
 []



[2]
Overfull \hbox (152.60396pt too wide) in paragraph at lines 148--148
[]\OT1/cmtt/m/n/14.4 +[] [] [] print(paste("Simulated[] -[] theoretical[] difference:",[] ito_int_avg[] -[] ito_int_theoretical))[] 
 []


Overfull \hbox (4.40419pt too wide) in paragraph at lines 148--148
[]\OT1/cmtt/m/n/14.4 +[] [] [] print(paste("Simulated[] -[] theoretical[] difference:",[] strat_int_avg[] -[]
 []


Overfull \hbox (4.40419pt too wide) in paragraph at lines 148--148
[]\OT1/cmtt/m/n/14.4 +[] [] [] print(paste("Simulated[] difference:",[] ito_int_avg[] -[] strat_int_avg))[] 
 []


Overfull \hbox (137.78398pt too wide) in paragraph at lines 148--148
[]\OT1/cmtt/m/n/14.4 +[] [] [] print(paste("Theoretical[] difference:",[] ito_int_theoretical[] -[] strat_int_theoretical))[] 
 []



[3]

[4]

[5]
Overfull \hbox (19.22417pt too wide) in paragraph at lines 253--253
[]\OT1/cmtt/m/n/14.4 +[] [] [] [] [] error_values[] =[] append(error_values,[] abs(blackScholesConvergence(T,[]
 []


Overfull \hbox (4.40419pt too wide) in paragraph at lines 253--253
[]\OT1/cmtt/m/n/14.4 +[] [] [] [] [] main[] =[] sprintf("Delta[] T[] Values[] vs[] Error[] Values[] on[] Log[] Scale[] with[]
 []


Overfull \hbox (26.63416pt too wide) in paragraph at lines 253--253
[]\OT1/cmtt/m/n/14.4 +[] [] [] ref_C[] =[] exp(mean(log(error_values))[] -[] 0.5[] *[] mean(log(deltat_values)))[] 
 []


Overfull \hbox (26.63416pt too wide) in paragraph at lines 253--253
[]\OT1/cmtt/m/n/14.4 [1][] "average[] deviation[] =[] [] 0.0492247166559775[] ,[] and[] the[] delta[] t[] =[] [] 0.0625"[] 
 []


Overfull \hbox (26.63416pt too wide) in paragraph at lines 253--253
[]\OT1/cmtt/m/n/14.4 [1][] "average[] deviation[] =[] [] 0.024091028137924[] ,[] and[] the[] delta[] t[] =[] [] 0.03125"[] 
 []


Overfull \hbox (41.45413pt too wide) in paragraph at lines 253--253
[]\OT1/cmtt/m/n/14.4 [1][] "average[] deviation[] =[] [] 0.0137789607057976[] ,[] and[] the[] delta[] t[] =[] [] 0.015625"[] 
 []


Overfull \hbox (56.27411pt too wide) in paragraph at lines 253--253
[]\OT1/cmtt/m/n/14.4 [1][] "average[] deviation[] =[] [] 0.00560154546568383[] ,[] and[] the[] delta[] t[] =[] [] 0.0078125"[] 
 []



[6]
Overfull \hbox (63.6841pt too wide) in paragraph at lines 253--253
[]\OT1/cmtt/m/n/14.4 [1][] "average[] deviation[] =[] [] 0.00461061928605198[] ,[] and[] the[] delta[] t[] =[] [] 0.00390625"[] 
 []


Overfull \hbox (71.09409pt too wide) in paragraph at lines 253--253
[]\OT1/cmtt/m/n/14.4 [1][] "average[] deviation[] =[] [] 0.00194927934579275[] ,[] and[] the[] delta[] t[] =[] [] 0.001953125"[] 
 []


Overfull \hbox (85.91406pt too wide) in paragraph at lines 253--253
[]\OT1/cmtt/m/n/14.4 [1][] "average[] deviation[] =[] [] 0.000323983109936274[] ,[] and[] the[] delta[] t[] =[] [] 0.0009765625"[] 
 []


Overfull \hbox (85.91406pt too wide) in paragraph at lines 253--253
[]\OT1/cmtt/m/n/14.4 [1][] "average[] deviation[] =[] [] 0.00126783021087313[] ,[] and[] the[] delta[] t[] =[] [] 0.00048828125"[] 
 []


Overfull \hbox (100.73404pt too wide) in paragraph at lines 253--253
[]\OT1/cmtt/m/n/14.4 [1][] "average[] deviation[] =[] [] 0.000250399393489314[] ,[] and[] the[] delta[] t[] =[] [] 0.000244140625"[] 
 []


Overfull \hbox (4.40419pt too wide) in paragraph at lines 253--253
[]\OT1/cmtt/m/n/14.4 [1][] "average[] deviation[] =[] [] 0.31711713984836[] ,[] and[] the[] delta[] t[] =[] [] 0.125"[] 
 []


Overfull \hbox (19.22417pt too wide) in paragraph at lines 253--253
[]\OT1/cmtt/m/n/14.4 [1][] "average[] deviation[] =[] [] 0.132171536010918[] ,[] and[] the[] delta[] t[] =[] [] 0.0625"[] 
 []


Overfull \hbox (34.04414pt too wide) in paragraph at lines 253--253
[]\OT1/cmtt/m/n/14.4 [1][] "average[] deviation[] =[] [] 0.0743188255687851[] ,[] and[] the[] delta[] t[] =[] [] 0.03125"[] 
 []


Overfull \hbox (34.04414pt too wide) in paragraph at lines 253--253
[]\OT1/cmtt/m/n/14.4 [1][] "average[] deviation[] =[] [] 0.051269002108907[] ,[] and[] the[] delta[] t[] =[] [] 0.015625"[] 
 []


Overfull \hbox (48.86412pt too wide) in paragraph at lines 253--253
[]\OT1/cmtt/m/n/14.4 [1][] "average[] deviation[] =[] [] 0.0197699304179946[] ,[] and[] the[] delta[] t[] =[] [] 0.0078125"[] 
 []


Overfull \hbox (56.27411pt too wide) in paragraph at lines 253--253
[]\OT1/cmtt/m/n/14.4 [1][] "average[] deviation[] =[] [] 0.0150187575230333[] ,[] and[] the[] delta[] t[] =[] [] 0.00390625"[] 
 []


Overfull \hbox (71.09409pt too wide) in paragraph at lines 253--253
[]\OT1/cmtt/m/n/14.4 [1][] "average[] deviation[] =[] [] 0.00449707590957639[] ,[] and[] the[] delta[] t[] =[] [] 0.001953125"[] 
 []


Overfull \hbox (78.50407pt too wide) in paragraph at lines 253--253
[]\OT1/cmtt/m/n/14.4 [1][] "average[] deviation[] =[] [] 0.00146653530308295[] ,[] and[] the[] delta[] t[] =[] [] 0.0009765625"[] 
 []


Overfull \hbox (93.32405pt too wide) in paragraph at lines 253--253
[]\OT1/cmtt/m/n/14.4 [1][] "average[] deviation[] =[] [] 0.000595854856125777[] ,[] and[] the[] delta[] t[] =[] [] 0.00048828125"[] 
 []


Overfull \hbox (4.40419pt too wide) in paragraph at lines 253--253
[]\OT1/cmtt/m/n/14.4 [1][] "average[] deviation[] =[] [] 1.20059710406355[] ,[] and[] the[] delta[] t[] =[] [] 0.125"[] 
 []


Overfull \hbox (19.22417pt too wide) in paragraph at lines 253--253
[]\OT1/cmtt/m/n/14.4 [1][] "average[] deviation[] =[] [] 0.887552190793862[] ,[] and[] the[] delta[] t[] =[] [] 0.0625"[] 
 []


Overfull \hbox (26.63416pt too wide) in paragraph at lines 253--253
[]\OT1/cmtt/m/n/14.4 [1][] "average[] deviation[] =[] [] 0.348304934738151[] ,[] and[] the[] delta[] t[] =[] [] 0.03125"[] 
 []


Overfull \hbox (34.04414pt too wide) in paragraph at lines 253--253
[]\OT1/cmtt/m/n/14.4 [1][] "average[] deviation[] =[] [] 0.182839774132024[] ,[] and[] the[] delta[] t[] =[] [] 0.015625"[] 
 []


Overfull \hbox (48.86412pt too wide) in paragraph at lines 253--253
[]\OT1/cmtt/m/n/14.4 [1][] "average[] deviation[] =[] [] 0.0797147803555463[] ,[] and[] the[] delta[] t[] =[] [] 0.0078125"[] 
 []


Overfull \hbox (56.27411pt too wide) in paragraph at lines 253--253
[]\OT1/cmtt/m/n/14.4 [1][] "average[] deviation[] =[] [] 0.0365496282298914[] ,[] and[] the[] delta[] t[] =[] [] 0.00390625"[] 
 []


Overfull \hbox (63.6841pt too wide) in paragraph at lines 253--253
[]\OT1/cmtt/m/n/14.4 [1][] "average[] deviation[] =[] [] 0.0201513669795156[] ,[] and[] the[] delta[] t[] =[] [] 0.001953125"[] 
 []


Overfull \hbox (78.50407pt too wide) in paragraph at lines 253--253
[]\OT1/cmtt/m/n/14.4 [1][] "average[] deviation[] =[] [] 0.00747017151247117[] ,[] and[] the[] delta[] t[] =[] [] 0.0009765625"[] 
 []


Overfull \hbox (4.40419pt too wide) in paragraph at lines 253--253
[]\OT1/cmtt/m/n/14.4 [1][] "average[] deviation[] =[] [] 21.4146284433919[] ,[] and[] the[] delta[] t[] =[] [] 0.125"[] 
 []


Overfull \hbox (11.81418pt too wide) in paragraph at lines 253--253
[]\OT1/cmtt/m/n/14.4 [1][] "average[] deviation[] =[] [] 14.7718342858946[] ,[] and[] the[] delta[] t[] =[] [] 0.0625"[] 
 []


Overfull \hbox (19.22417pt too wide) in paragraph at lines 253--253
[]\OT1/cmtt/m/n/14.4 [1][] "average[] deviation[] =[] [] 5.56539348123626[] ,[] and[] the[] delta[] t[] =[] [] 0.03125"[] 
 []


Overfull \hbox (26.63416pt too wide) in paragraph at lines 253--253
[]\OT1/cmtt/m/n/14.4 [1][] "average[] deviation[] =[] [] 3.41716607124377[] ,[] and[] the[] delta[] t[] =[] [] 0.015625"[] 
 []


Overfull \hbox (34.04414pt too wide) in paragraph at lines 253--253
[]\OT1/cmtt/m/n/14.4 [1][] "average[] deviation[] =[] [] 1.41197509467434[] ,[] and[] the[] delta[] t[] =[] [] 0.0078125"[] 
 []



[7]
Overfull \hbox (34.04414pt too wide) in paragraph at lines 253--253
[]\OT1/cmtt/m/n/14.4 [1][] "average[] deviation[] =[] [] 1.2757240639073[] ,[] and[] the[] delta[] t[] =[] [] 0.00390625"[] 
 []


Overfull \hbox (48.86412pt too wide) in paragraph at lines 253--253
[]\OT1/cmtt/m/n/14.4 [1][] "average[] deviation[] =[] [] 0.24428420763604[] ,[] and[] the[] delta[] t[] =[] [] 0.001953125"[] 
 []


Overfull \hbox (4.40419pt too wide) in paragraph at lines 253--253
[]\OT1/cmtt/m/n/14.4 [1][] "average[] deviation[] =[] [] 15255.3191487282[] ,[] and[] the[] delta[] t[] =[] [] 0.625"[] 
 []


Overfull \hbox (11.81418pt too wide) in paragraph at lines 253--253
[]\OT1/cmtt/m/n/14.4 [1][] "average[] deviation[] =[] [] 20462.1594433599[] ,[] and[] the[] delta[] t[] =[] [] 0.3125"[] 
 []


Overfull \hbox (19.22417pt too wide) in paragraph at lines 253--253
[]\OT1/cmtt/m/n/14.4 [1][] "average[] deviation[] =[] [] 20943.8653605296[] ,[] and[] the[] delta[] t[] =[] [] 0.15625"[] 
 []


Overfull \hbox (26.63416pt too wide) in paragraph at lines 253--253
[]\OT1/cmtt/m/n/14.4 [1][] "average[] deviation[] =[] [] 9256.47853698749[] ,[] and[] the[] delta[] t[] =[] [] 0.078125"[] 
 []


Overfull \hbox (34.04414pt too wide) in paragraph at lines 253--253
[]\OT1/cmtt/m/n/14.4 [1][] "average[] deviation[] =[] [] 5654.01247705172[] ,[] and[] the[] delta[] t[] =[] [] 0.0390625"[] 
 []


Overfull \hbox (41.45413pt too wide) in paragraph at lines 253--253
[]\OT1/cmtt/m/n/14.4 [1][] "average[] deviation[] =[] [] 2366.18215557262[] ,[] and[] the[] delta[] t[] =[] [] 0.01953125"[] 
 []


Overfull \hbox (48.86412pt too wide) in paragraph at lines 253--253
[]\OT1/cmtt/m/n/14.4 [1][] "average[] deviation[] =[] [] 2552.93685449814[] ,[] and[] the[] delta[] t[] =[] [] 0.009765625"[] 
 []


Overfull \hbox (56.27411pt too wide) in paragraph at lines 253--253
[]\OT1/cmtt/m/n/14.4 [1][] "average[] deviation[] =[] [] 788.906730669276[] ,[] and[] the[] delta[] t[] =[] [] 0.0048828125"[] 
 []


Overfull \hbox (4.40419pt too wide) in paragraph at lines 253--253
[]\OT1/cmtt/m/n/14.4 [1][] "average[] deviation[] =[] [] 362676431.210016[] ,[] and[] the[] delta[] t[] =[] [] 0.625"[] 
 []


Overfull \hbox (11.81418pt too wide) in paragraph at lines 253--253
[]\OT1/cmtt/m/n/14.4 [1][] "average[] deviation[] =[] [] 364272514.331549[] ,[] and[] the[] delta[] t[] =[] [] 0.3125"[] 
 []


Overfull \hbox (19.22417pt too wide) in paragraph at lines 253--253
[]\OT1/cmtt/m/n/14.4 [1][] "average[] deviation[] =[] [] 265851877.484744[] ,[] and[] the[] delta[] t[] =[] [] 0.15625"[] 
 []


Overfull \hbox (26.63416pt too wide) in paragraph at lines 253--253
[]\OT1/cmtt/m/n/14.4 [1][] "average[] deviation[] =[] [] 229631572.665997[] ,[] and[] the[] delta[] t[] =[] [] 0.078125"[] 
 []


Overfull \hbox (34.04414pt too wide) in paragraph at lines 253--253
[]\OT1/cmtt/m/n/14.4 [1][] "average[] deviation[] =[] [] 161346784.854953[] ,[] and[] the[] delta[] t[] =[] [] 0.0390625"[] 
 []


Overfull \hbox (41.45413pt too wide) in paragraph at lines 253--253
[]\OT1/cmtt/m/n/14.4 [1][] "average[] deviation[] =[] [] 254194191.496466[] ,[] and[] the[] delta[] t[] =[] [] 0.01953125"[] 
 []


Overfull \hbox (48.86412pt too wide) in paragraph at lines 253--253
[]\OT1/cmtt/m/n/14.4 [1][] "average[] deviation[] =[] [] 36543557.0686745[] ,[] and[] the[] delta[] t[] =[] [] 0.009765625"[] 
 []

<problem_3_graph_t_025.png, id=36, 1345.025pt x 1065.9825pt>
File: problem_3_graph_t_025.png Graphic file (type png)
<use problem_3_graph_t_025.png>
Package pdftex.def Info: problem_3_graph_t_025.png  used on input line 256.
(pdftex.def)             Requested size: 411.43756pt x 326.07573pt.
<problem_3_graph_t_05.png, id=38, 1345.025pt x 1065.9825pt>
File: problem_3_graph_t_05.png Graphic file (type png)
<use problem_3_graph_t_05.png>
Package pdftex.def Info: problem_3_graph_t_05.png  used on input line 260.
(pdftex.def)             Requested size: 411.43756pt x 326.07573pt.


[8]
<problem_3_graph_t_1.png, id=42, 1345.025pt x 1065.9825pt>
File: problem_3_graph_t_1.png Graphic file (type png)
<use problem_3_graph_t_1.png>
Package pdftex.def Info: problem_3_graph_t_1.png  used on input line 264.
(pdftex.def)             Requested size: 411.43756pt x 326.07573pt.
<problem_3_graph_t_2.png, id=43, 1345.025pt x 1065.9825pt>
File: problem_3_graph_t_2.png Graphic file (type png)
<use problem_3_graph_t_2.png>
Package pdftex.def Info: problem_3_graph_t_2.png  used on input line 268.
(pdftex.def)             Requested size: 411.43756pt x 326.07573pt.


[9 <./problem_3_graph_t_025.png> <./problem_3_graph_t_05.png>]
<problem_3_graph_t_5.png, id=49, 1345.025pt x 1065.9825pt>
File: problem_3_graph_t_5.png Graphic file (type png)
<use problem_3_graph_t_5.png>
Package pdftex.def Info: problem_3_graph_t_5.png  used on input line 272.
(pdftex.def)             Requested size: 411.43756pt x 326.07573pt.
<problem_3_graph_t_10.png, id=50, 1345.025pt x 1065.9825pt>
File: problem_3_graph_t_10.png Graphic file (type png)
<use problem_3_graph_t_10.png>
Package pdftex.def Info: problem_3_graph_t_10.png  used on input line 276.
(pdftex.def)             Requested size: 411.43756pt x 326.07573pt.


[10 <./problem_3_graph_t_1.png> <./problem_3_graph_t_2.png>]

[11 <./problem_3_graph_t_5.png> <./problem_3_graph_t_10.png>]

[12] (./mhuang_hw12.aux)
 ***********
LaTeX2e <2024-11-01> patch level 2
L3 programming layer <2025-01-18>
 ***********


LaTeX Font Warning: Size substitutions with differences
(Font)              up to 0.6pt have occurred.

 ) 
Here is how much of TeX's memory you used:
 14542 strings out of 473190
 288385 string characters out of 5715801
 669433 words of memory out of 5000000
 37552 multiletter control sequences out of 15000+600000
 562265 words of font info for 50 fonts, out of 8000000 for 9000
 1141 hyphenation exceptions out of 8191
 102i,13n,107p,626b,653s stack positions out of 10000i,1000n,20000p,200000b,200000s
</usr/local/texlive/2025/texmf-dist/fonts/type1/public/amsfonts/cm/cmbx12.pfb></usr/local/texlive/2025/texmf-dist/fonts/type1/public/amsfonts/cm/cmex10.pfb></usr/local/texlive/2025/texmf-dist/fonts/type1/public/amsfonts/cm/cmmi10.pfb></usr/local/texlive/2025/texmf-dist/fonts/type1/public/amsfonts/cm/cmmi12.pfb></usr/local/texlive/2025/texmf-dist/fonts/type1/public/amsfonts/cm/cmr10.pfb></usr/local/texlive/2025/texmf-dist/fonts/type1/public/amsfonts/cm/cmr12.pfb></usr/local/texlive/2025/texmf-dist/fonts/type1/public/amsfonts/cm/cmsy10.pfb></usr/local/texlive/2025/texmf-dist/fonts/type1/public/amsfonts/cm/cmtt12.pfb>
Output written on mhuang_hw12.pdf (12 pages, 413964 bytes).
PDF statistics:
 99 PDF objects out of 1000 (max. 8388607)
 56 compressed objects within 1 object stream
 0 named destinations out of 1000 (max. 500000)
 43 words of extra memory for PDF output out of 10000 (max. 10000000)

